This file contains any messages produced by compilers while
running configure, to aid debugging if configure makes a mistake.

It was created by configure, which was
generated by GNU Autoconf 2.59.  Invocation command line was

  $ ./configure 

## --------- ##
## Platform. ##
## --------- ##

hostname = Sandeshs-MacBook-Pro.local
uname -m = x86_64
uname -r = 16.7.0
uname -s = Darwin
uname -v = Darwin Kernel Version 16.7.0: Thu Jun 15 17:36:27 PDT 2017; root:xnu-3789.70.16~2/RELEASE_X86_64

/usr/bin/uname -p = i386
/bin/uname -X     = unknown

/bin/arch              = unknown
/usr/bin/arch -k       = unknown
/usr/convex/getsysinfo = unknown
hostinfo               = Mach kernel version:
	 Darwin Kernel Version 16.7.0: Thu Jun 15 17:36:27 PDT 2017; root:xnu-3789.70.16~2/RELEASE_X86_64
Kernel configured for up to 8 processors.
4 processors are physically available.
8 processors are logically available.
Processor type: x86_64h (Intel x86-64h Haswell)
Processors active: 0 1 2 3 4 5 6 7
Primary memory available: 16.00 gigabytes
Default processor set: 394 tasks, 2191 threads, 8 processors
Load average: 1.34, Mach factor: 6.65
/bin/machine           = unknown
/usr/bin/oslevel       = unknown
/bin/universe          = unknown

PATH: /Users/sandesh/bin
PATH: /Users/sandesh/go/src/github.com/bowerswilkins/hula-mk2/bin
PATH: /Users/sandesh/src/github.com/bowerswilkins/hula-mk2/bin/
PATH: /usr/local/eva/sdks/arm-linux/bin/
PATH: /opt/local/bin
PATH: /opt/local/sbin
PATH: /usr/local/bin
PATH: /usr/bin
PATH: /bin
PATH: /usr/sbin
PATH: /sbin
PATH: /Users/sandesh/dev/go/bin
PATH: /Users/sandesh/platform-tools


## ----------- ##
## Core tests. ##
## ----------- ##

configure:1510: checking for a BSD-compatible install
configure:1565: result: /usr/bin/install -c
configure:1576: checking whether build environment is sane
configure:1619: result: yes
configure:1652: checking for gawk
configure:1681: result: no
configure:1652: checking for mawk
configure:1681: result: no
configure:1652: checking for nawk
configure:1681: result: no
configure:1652: checking for awk
configure:1668: found /usr/bin/awk
configure:1678: result: awk
configure:1688: checking whether make sets $(MAKE)
configure:1708: result: yes
configure:1875: checking whether to enable maintainer-specific portions of Makefiles
configure:1884: result: no
configure:1991: checking for gcc
configure:2007: found /usr/bin/gcc
configure:2017: result: gcc
configure:2261: checking for C compiler version
configure:2264: gcc --version </dev/null >&5
Configured with: --prefix=/Applications/Xcode.app/Contents/Developer/usr --with-gxx-include-dir=/usr/include/c++/4.2.1
Apple LLVM version 8.1.0 (clang-802.0.42)
Target: x86_64-apple-darwin16.7.0
Thread model: posix
InstalledDir: /Applications/Xcode.app/Contents/Developer/Toolchains/XcodeDefault.xctoolchain/usr/bin
configure:2267: $? = 0
configure:2269: gcc -v </dev/null >&5
Configured with: --prefix=/Applications/Xcode.app/Contents/Developer/usr --with-gxx-include-dir=/usr/include/c++/4.2.1
Apple LLVM version 8.1.0 (clang-802.0.42)
Target: x86_64-apple-darwin16.7.0
Thread model: posix
InstalledDir: /Applications/Xcode.app/Contents/Developer/Toolchains/XcodeDefault.xctoolchain/usr/bin
configure:2272: $? = 0
configure:2274: gcc -V </dev/null >&5
clang: error: argument to '-V' is missing (expected 1 value)
clang: error: no input files
configure:2277: $? = 1
configure:2300: checking for C compiler default output file name
configure:2303: gcc -Wall -O2   conftest.c  >&5
configure:2306: $? = 0
configure:2352: result: a.out
configure:2357: checking whether the C compiler works
configure:2363: ./a.out
configure:2366: $? = 0
configure:2383: result: yes
configure:2390: checking whether we are cross compiling
configure:2392: result: no
configure:2395: checking for suffix of executables
configure:2397: gcc -o conftest -Wall -O2   conftest.c  >&5
configure:2400: $? = 0
configure:2425: result: 
configure:2431: checking for suffix of object files
configure:2452: gcc -c -Wall -O2  conftest.c >&5
configure:2455: $? = 0
configure:2477: result: o
configure:2481: checking whether we are using the GNU C compiler
configure:2505: gcc -c -Wall -O2  conftest.c >&5
configure:2511: $? = 0
configure:2514: test -z 			 || test ! -s conftest.err
configure:2517: $? = 0
configure:2520: test -s conftest.o
configure:2523: $? = 0
configure:2536: result: yes
configure:2542: checking whether gcc accepts -g
configure:2563: gcc -c -g  conftest.c >&5
configure:2569: $? = 0
configure:2572: test -z 			 || test ! -s conftest.err
configure:2575: $? = 0
configure:2578: test -s conftest.o
configure:2581: $? = 0
configure:2592: result: yes
configure:2609: checking for gcc option to accept ANSI C
configure:2679: gcc  -c -Wall -O2  conftest.c >&5
configure:2685: $? = 0
configure:2688: test -z 			 || test ! -s conftest.err
configure:2691: $? = 0
configure:2694: test -s conftest.o
configure:2697: $? = 0
configure:2715: result: none needed
configure:2733: gcc -c -Wall -O2  conftest.c >&5
conftest.c:2:3: error: unknown type name 'choke'
  choke me
  ^
conftest.c:2:11: error: expected ';' after top level declarator
  choke me
          ^
          ;
2 errors generated.
configure:2739: $? = 1
configure: failed program was:
| #ifndef __cplusplus
|   choke me
| #endif
configure:2880: checking for style of include used by make
configure:2908: result: GNU
configure:2936: checking dependency style of gcc
configure:3019: result: gcc3
configure:3049: checking for a BSD-compatible install
configure:3104: result: /usr/bin/install -c
configure:3197: checking build system type
configure:3215: result: i686-apple-darwin16.7.0
configure:3223: checking host system type
configure:3237: result: i686-apple-darwin16.7.0
configure:3245: checking for a sed that does not truncate output
configure:3299: result: /usr/bin/sed
configure:3302: checking for egrep
configure:3312: result: grep -E
configure:3328: checking for ld used by gcc
configure:3395: result: /Applications/Xcode.app/Contents/Developer/Toolchains/XcodeDefault.xctoolchain/usr/bin/ld
configure:3404: checking if the linker (/Applications/Xcode.app/Contents/Developer/Toolchains/XcodeDefault.xctoolchain/usr/bin/ld) is GNU ld
configure:3419: result: no
configure:3424: checking for /Applications/Xcode.app/Contents/Developer/Toolchains/XcodeDefault.xctoolchain/usr/bin/ld option to reload object files
configure:3431: result: -r
configure:3449: checking for BSD-compatible nm
configure:3498: result: /usr/bin/nm -B
configure:3502: checking whether ln -s works
configure:3506: result: yes
configure:3513: checking how to recognise dependent libraries
configure:3689: result: pass_all
configure:3925: checking how to run the C preprocessor
configure:3960: gcc -E  conftest.c
configure:3966: $? = 0
configure:3998: gcc -E  conftest.c
conftest.c:12:10: fatal error: 'ac_nonexistent.h' file not found
#include <ac_nonexistent.h>
         ^
1 error generated.
configure:4004: $? = 1
configure: failed program was:
| /* confdefs.h.  */
| 
| #define PACKAGE_NAME ""
| #define PACKAGE_TARNAME ""
| #define PACKAGE_VERSION ""
| #define PACKAGE_STRING ""
| #define PACKAGE_BUGREPORT ""
| #define PACKAGE "bluez-libs"
| #define VERSION "2.25"
| #define CONFIGDIR "/etc/bluetooth"
| /* end confdefs.h.  */
| #include <ac_nonexistent.h>
configure:4043: result: gcc -E
configure:4067: gcc -E  conftest.c
configure:4073: $? = 0
configure:4105: gcc -E  conftest.c
conftest.c:12:10: fatal error: 'ac_nonexistent.h' file not found
#include <ac_nonexistent.h>
         ^
1 error generated.
configure:4111: $? = 1
configure: failed program was:
| /* confdefs.h.  */
| 
| #define PACKAGE_NAME ""
| #define PACKAGE_TARNAME ""
| #define PACKAGE_VERSION ""
| #define PACKAGE_STRING ""
| #define PACKAGE_BUGREPORT ""
| #define PACKAGE "bluez-libs"
| #define VERSION "2.25"
| #define CONFIGDIR "/etc/bluetooth"
| /* end confdefs.h.  */
| #include <ac_nonexistent.h>
configure:4155: checking for ANSI C header files
configure:4180: gcc -c -Wall -O2  conftest.c >&5
configure:4186: $? = 0
configure:4189: test -z 			 || test ! -s conftest.err
configure:4192: $? = 0
configure:4195: test -s conftest.o
configure:4198: $? = 0
configure:4287: gcc -o conftest -Wall -O2   conftest.c  >&5
conftest.c:29:7: warning: implicitly declaring library function 'exit' with type 'void (int) __attribute__((noreturn))' [-Wimplicit-function-declaration]
      exit(2);
      ^
conftest.c:29:7: note: include the header <stdlib.h> or explicitly provide a declaration for 'exit'
1 warning generated.
configure:4290: $? = 0
configure:4292: ./conftest
configure:4295: $? = 0
configure:4310: result: yes
configure:4334: checking for sys/types.h
configure:4350: gcc -c -Wall -O2  conftest.c >&5
configure:4356: $? = 0
configure:4359: test -z 			 || test ! -s conftest.err
configure:4362: $? = 0
configure:4365: test -s conftest.o
configure:4368: $? = 0
configure:4379: result: yes
configure:4334: checking for sys/stat.h
configure:4350: gcc -c -Wall -O2  conftest.c >&5
configure:4356: $? = 0
configure:4359: test -z 			 || test ! -s conftest.err
configure:4362: $? = 0
configure:4365: test -s conftest.o
configure:4368: $? = 0
configure:4379: result: yes
configure:4334: checking for stdlib.h
configure:4350: gcc -c -Wall -O2  conftest.c >&5
configure:4356: $? = 0
configure:4359: test -z 			 || test ! -s conftest.err
configure:4362: $? = 0
configure:4365: test -s conftest.o
configure:4368: $? = 0
configure:4379: result: yes
configure:4334: checking for string.h
configure:4350: gcc -c -Wall -O2  conftest.c >&5
configure:4356: $? = 0
configure:4359: test -z 			 || test ! -s conftest.err
configure:4362: $? = 0
configure:4365: test -s conftest.o
configure:4368: $? = 0
configure:4379: result: yes
configure:4334: checking for memory.h
configure:4350: gcc -c -Wall -O2  conftest.c >&5
configure:4356: $? = 0
configure:4359: test -z 			 || test ! -s conftest.err
configure:4362: $? = 0
configure:4365: test -s conftest.o
configure:4368: $? = 0
configure:4379: result: yes
configure:4334: checking for strings.h
configure:4350: gcc -c -Wall -O2  conftest.c >&5
configure:4356: $? = 0
configure:4359: test -z 			 || test ! -s conftest.err
configure:4362: $? = 0
configure:4365: test -s conftest.o
configure:4368: $? = 0
configure:4379: result: yes
configure:4334: checking for inttypes.h
configure:4350: gcc -c -Wall -O2  conftest.c >&5
configure:4356: $? = 0
configure:4359: test -z 			 || test ! -s conftest.err
configure:4362: $? = 0
configure:4365: test -s conftest.o
configure:4368: $? = 0
configure:4379: result: yes
configure:4334: checking for stdint.h
configure:4350: gcc -c -Wall -O2  conftest.c >&5
configure:4356: $? = 0
configure:4359: test -z 			 || test ! -s conftest.err
configure:4362: $? = 0
configure:4365: test -s conftest.o
configure:4368: $? = 0
configure:4379: result: yes
configure:4334: checking for unistd.h
configure:4350: gcc -c -Wall -O2  conftest.c >&5
configure:4356: $? = 0
configure:4359: test -z 			 || test ! -s conftest.err
configure:4362: $? = 0
configure:4365: test -s conftest.o
configure:4368: $? = 0
configure:4379: result: yes
configure:4405: checking dlfcn.h usability
configure:4417: gcc -c -Wall -O2  conftest.c >&5
configure:4423: $? = 0
configure:4426: test -z 			 || test ! -s conftest.err
configure:4429: $? = 0
configure:4432: test -s conftest.o
configure:4435: $? = 0
configure:4445: result: yes
configure:4449: checking dlfcn.h presence
configure:4459: gcc -E  conftest.c
configure:4465: $? = 0
configure:4485: result: yes
configure:4520: checking for dlfcn.h
configure:4527: result: yes
configure:4544: checking the maximum length of command line arguments
configure:4653: result: 196608
configure:4664: checking command to parse /usr/bin/nm -B output from gcc object
configure:4769: gcc -c -Wall -O2  conftest.c >&5
configure:4772: $? = 0
configure:4776: /usr/bin/nm -B conftest.o \| sed -n -e 's/^.*[ 	]\([BCDEGRST][BCDEGRST]*\)[ 	][ 	]*\([_A-Za-z][_A-Za-z0-9]*\)$/\1 \2 \2/p' \> conftest.nm
configure:4779: $? = 0
cannot find nm_test_var in conftest.nm
configure:4769: gcc -c -Wall -O2  conftest.c >&5
configure:4772: $? = 0
configure:4776: /usr/bin/nm -B conftest.o \| sed -n -e 's/^.*[ 	]\([BCDEGRST][BCDEGRST]*\)[ 	][ 	]*_\([_A-Za-z][_A-Za-z0-9]*\)$/\1 _\2 \2/p' \> conftest.nm
configure:4779: $? = 0
configure:4831: gcc -o conftest -Wall -O2   conftest.c conftstm.o >&5
configure:4834: $? = 0
configure:4872: result: ok
configure:4876: checking for objdir
configure:4891: result: .libs
configure:4981: checking for ar
configure:4997: found /usr/bin/ar
configure:5008: result: ar
configure:5061: checking for ranlib
configure:5077: found /usr/bin/ranlib
configure:5088: result: ranlib
configure:5141: checking for strip
configure:5157: found /usr/bin/strip
configure:5168: result: strip
configure:5440: checking if gcc supports -fno-rtti -fno-exceptions
configure:5458: gcc -c -Wall -O2  -fno-rtti -fno-exceptions conftest.c >&5
configure:5462: $? = 0
configure:5475: result: yes
configure:5490: checking for gcc option to produce PIC
configure:5700: result: -fno-common
configure:5708: checking if gcc PIC flag -fno-common works
configure:5726: gcc -c -Wall -O2  -fno-common -DPIC conftest.c >&5
configure:5730: $? = 0
configure:5743: result: yes
configure:5771: checking if gcc static flag -static works
configure:5799: result: no
configure:5809: checking if gcc supports -c -o file.o
configure:5830: gcc -c -Wall -O2  -o out/conftest2.o conftest.c >&5
configure:5834: $? = 0
configure:5856: result: yes
configure:5882: checking whether the gcc linker (/Applications/Xcode.app/Contents/Developer/Toolchains/XcodeDefault.xctoolchain/usr/bin/ld) supports shared libraries
configure:6848: result: yes
configure:6915: checking dynamic linker characteristics
configure:7515: result: darwin16.7.0 dyld
configure:7524: checking how to hardcode library paths into programs
configure:7549: result: immediate
configure:7563: checking whether stripping libraries is possible
configure:7576: result: yes
configure:8395: checking if libtool supports shared libraries
configure:8397: result: yes
configure:8400: checking whether to build shared libraries
configure:8421: result: yes
configure:8424: checking whether to build static libraries
configure:8428: result: yes
configure:8520: creating libtool
configure:9086: creating ./config.status

## ---------------------- ##
## Running config.status. ##
## ---------------------- ##

This file was extended by config.status, which was
generated by GNU Autoconf 2.59.  Invocation command line was

  CONFIG_FILES    = 
  CONFIG_HEADERS  = 
  CONFIG_LINKS    = 
  CONFIG_COMMANDS = 
  $ ./config.status 

on Sandeshs-MacBook-Pro.local

config.status:746: creating Makefile
config.status:746: creating include/Makefile
config.status:746: creating src/Makefile
config.status:746: creating bluez.pc
config.status:812: creating config.h
config.status:1102: executing depfiles commands

## ---------------- ##
## Cache variables. ##
## ---------------- ##

ac_cv_build=i686-apple-darwin16.7.0
ac_cv_build_alias=i686-apple-darwin16.7.0
ac_cv_c_compiler_gnu=yes
ac_cv_env_CC_set=
ac_cv_env_CC_value=
ac_cv_env_CFLAGS_set=
ac_cv_env_CFLAGS_value=
ac_cv_env_CPPFLAGS_set=
ac_cv_env_CPPFLAGS_value=
ac_cv_env_CPP_set=
ac_cv_env_CPP_value=
ac_cv_env_LDFLAGS_set=
ac_cv_env_LDFLAGS_value=
ac_cv_env_build_alias_set=
ac_cv_env_build_alias_value=
ac_cv_env_host_alias_set=
ac_cv_env_host_alias_value=
ac_cv_env_target_alias_set=
ac_cv_env_target_alias_value=
ac_cv_exeext=
ac_cv_header_dlfcn_h=yes
ac_cv_header_inttypes_h=yes
ac_cv_header_memory_h=yes
ac_cv_header_stdc=yes
ac_cv_header_stdint_h=yes
ac_cv_header_stdlib_h=yes
ac_cv_header_string_h=yes
ac_cv_header_strings_h=yes
ac_cv_header_sys_stat_h=yes
ac_cv_header_sys_types_h=yes
ac_cv_header_unistd_h=yes
ac_cv_host=i686-apple-darwin16.7.0
ac_cv_host_alias=i686-apple-darwin16.7.0
ac_cv_objext=o
ac_cv_path_install='/usr/bin/install -c'
ac_cv_prog_AWK=awk
ac_cv_prog_CPP='gcc -E'
ac_cv_prog_ac_ct_AR=ar
ac_cv_prog_ac_ct_CC=gcc
ac_cv_prog_ac_ct_RANLIB=ranlib
ac_cv_prog_ac_ct_STRIP=strip
ac_cv_prog_cc_g=yes
ac_cv_prog_cc_stdc=
ac_cv_prog_egrep='grep -E'
ac_cv_prog_make_make_set=yes
am_cv_CC_dependencies_compiler_type=gcc3
lt_cv_deplibs_check_method=pass_all
lt_cv_file_magic_cmd='$MAGIC_CMD'
lt_cv_file_magic_test_file=
lt_cv_ld_reload_flag=-r
lt_cv_objdir=.libs
lt_cv_path_LD=/Applications/Xcode.app/Contents/Developer/Toolchains/XcodeDefault.xctoolchain/usr/bin/ld
lt_cv_path_NM='/usr/bin/nm -B'
lt_cv_path_SED=/usr/bin/sed
lt_cv_prog_compiler_c_o=yes
lt_cv_prog_compiler_rtti_exceptions=yes
lt_cv_prog_gnu_ld=no
lt_cv_sys_global_symbol_pipe='sed -n -e '\''s/^.*[ 	]\([BCDEGRST][BCDEGRST]*\)[ 	][ 	]*_\([_A-Za-z][_A-Za-z0-9]*\)$/\1 _\2 \2/p'\'''
lt_cv_sys_global_symbol_to_c_name_address='sed -n -e '\''s/^: \([^ ]*\) $/  {\"\1\", (lt_ptr) 0},/p'\'' -e '\''s/^[BCDEGRST] \([^ ]*\) \([^ ]*\)$/  {"\2", (lt_ptr) \&\2},/p'\'''
lt_cv_sys_global_symbol_to_cdecl='sed -n -e '\''s/^. .* \(.*\)$/extern int \1;/p'\'''
lt_cv_sys_max_cmd_len=196608
lt_lt_cv_prog_compiler_c_o='"yes"'
lt_lt_cv_sys_global_symbol_pipe='"sed -n -e '\''s/^.*[ 	]\\([BCDEGRST][BCDEGRST]*\\)[ 	][ 	]*_\\([_A-Za-z][_A-Za-z0-9]*\\)\$/\\1 _\\2 \\2/p'\''"'
lt_lt_cv_sys_global_symbol_to_c_name_address='"sed -n -e '\''s/^: \\([^ ]*\\) \$/  {\\\"\\1\\\", (lt_ptr) 0},/p'\'' -e '\''s/^[BCDEGRST] \\([^ ]*\\) \\([^ ]*\\)\$/  {\"\\2\", (lt_ptr) \\&\\2},/p'\''"'
lt_lt_cv_sys_global_symbol_to_cdecl='"sed -n -e '\''s/^. .* \\(.*\\)\$/extern int \\1;/p'\''"'

## ----------------- ##
## Output variables. ##
## ----------------- ##

ACLOCAL='${SHELL} /Users/sandesh/workspace/BT/bt/v20/bluez-libs-2.25/missing --run aclocal-1.7'
AMDEPBACKSLASH='\'
AMDEP_FALSE='#'
AMDEP_TRUE=''
AMTAR='${SHELL} /Users/sandesh/workspace/BT/bt/v20/bluez-libs-2.25/missing --run tar'
AR='ar'
AUTOCONF='${SHELL} /Users/sandesh/workspace/BT/bt/v20/bluez-libs-2.25/missing --run autoconf'
AUTOHEADER='${SHELL} /Users/sandesh/workspace/BT/bt/v20/bluez-libs-2.25/missing --run autoheader'
AUTOMAKE='${SHELL} /Users/sandesh/workspace/BT/bt/v20/bluez-libs-2.25/missing --run automake-1.7'
AWK='awk'
CC='gcc'
CCDEPMODE='depmode=gcc3'
CFLAGS='-Wall -O2 -D_FORTIFY_SOURCE=2'
CPP='gcc -E'
CPPFLAGS=''
CYGPATH_W='echo'
DEFS='-DHAVE_CONFIG_H'
DEPDIR='.deps'
ECHO='/bin/echo'
ECHO_C='ECHO_N=''
ECHO_T=''
EGREP='grep -E'
EXEEXT=''
INSTALL_DATA='${INSTALL} -m 644'
INSTALL_PROGRAM='${INSTALL}'
INSTALL_SCRIPT='${INSTALL}'
INSTALL_STRIP_PROGRAM='${SHELL} $(install_sh) -c -s'
LDFLAGS=''
LIBOBJS=''
LIBS=''
LIBTOOL='$(SHELL) $(top_builddir)/libtool'
LN_S='ln -s'
LTLIBOBJS=''
MAINT='#'
MAINTAINER_MODE_FALSE=''
MAINTAINER_MODE_TRUE='#'
MAKEINFO='${SHELL} /Users/sandesh/workspace/BT/bt/v20/bluez-libs-2.25/missing --run makeinfo'
OBJEXT='o'
PACKAGE='bluez-libs'
PACKAGE_BUGREPORT=''
PACKAGE_NAME=''
PACKAGE_STRING=''
PACKAGE_TARNAME=''
PACKAGE_VERSION=''
PATH_SEPARATOR=':'
RANLIB='ranlib'
SET_MAKE=''
SHELL='/bin/sh'
STRIP='strip'
VERSION='2.25'
ac_ct_AR='ar'
ac_ct_CC='gcc'
ac_ct_RANLIB='ranlib'
ac_ct_STRIP='strip'
am__fastdepCC_FALSE='#'
am__fastdepCC_TRUE=''
am__include='include'
am__leading_dot='.'
am__quote=''
bindir='${exec_prefix}/bin'
build='i686-apple-darwin16.7.0'
build_alias=''
build_cpu='i686'
build_os='darwin16.7.0'
build_vendor='apple'
datadir='${prefix}/share'
exec_prefix='${prefix}'
host='i686-apple-darwin16.7.0'
host_alias=''
host_cpu='i686'
host_os='darwin16.7.0'
host_vendor='apple'
includedir='${prefix}/include'
infodir='${prefix}/info'
install_sh='/Users/sandesh/workspace/BT/bt/v20/bluez-libs-2.25/install-sh'
libdir='/usr/local/lib'
libexecdir='${exec_prefix}/libexec'
localstatedir='${prefix}/var'
mandir='${prefix}/share/man'
oldincludedir='/usr/include'
prefix='/usr/local'
program_transform_name='s,x,x,'
sbindir='${exec_prefix}/sbin'
sharedstatedir='${prefix}/com'
sysconfdir='/etc'
target_alias=''

## ----------- ##
## confdefs.h. ##
## ----------- ##

#define CONFIGDIR "/etc/bluetooth"
#define HAVE_DLFCN_H 1
#define HAVE_INTTYPES_H 1
#define HAVE_MEMORY_H 1
#define HAVE_STDINT_H 1
#define HAVE_STDLIB_H 1
#define HAVE_STRINGS_H 1
#define HAVE_STRING_H 1
#define HAVE_SYS_STAT_H 1
#define HAVE_SYS_TYPES_H 1
#define HAVE_UNISTD_H 1
#define PACKAGE "bluez-libs"
#define PACKAGE_BUGREPORT ""
#define PACKAGE_NAME ""
#define PACKAGE_STRING ""
#define PACKAGE_TARNAME ""
#define PACKAGE_VERSION ""
#define STDC_HEADERS 1
#define VERSION "2.25"

configure: exit 0
